[dotenv@17.3.1] injecting env (0) from .env -- tip: G▄Ín+┼  load multiple .env files with { path: ['.env.local', '.env'] }
node:internal/modules/cjs/loader:1421
  const err = new Error(message);
              ^
System.Management.Automation.RemoteException
Error: Cannot find module './ingestion.service'
Require stack:
- C:\Users\Aamir Sohail\Desktop\VARIX 2.0\backend\src\services\demo.service.ts
- C:\Users\Aamir Sohail\Desktop\VARIX 2.0\backend\src\routes\demo.routes.ts
- C:\Users\Aamir Sohail\Desktop\VARIX 2.0\backend\src\app.ts
- C:\Users\Aamir Sohail\Desktop\VARIX 2.0\backend\src\index.ts
    at node:internal/modules/cjs/loader:1421:15
    at nextResolveSimple (C:\Users\Aamir Sohail\Desktop\VARIX 2.0\backend\node_modules\tsx\dist\register-D46fvsV_.cjs:4:1004)
    at C:\Users\Aamir Sohail\Desktop\VARIX 2.0\backend\node_modules\tsx\dist\register-D46fvsV_.cjs:3:2630
    at C:\Users\Aamir Sohail\Desktop\VARIX 2.0\backend\node_modules\tsx\dist\register-D46fvsV_.cjs:3:1542
    at resolveTsPaths (C:\Users\Aamir Sohail\Desktop\VARIX 2.0\backend\node_modules\tsx\dist\register-D46fvsV_.cjs:4:760)
    at C:\Users\Aamir Sohail\Desktop\VARIX 2.0\backend\node_modules\tsx\dist\register-D46fvsV_.cjs:4:1102
    at m._resolveFilename (file:///C:/Users/Aamir%20Sohail/Desktop/VARIX%202.0/backend/node_modules/tsx/dist/register-B7jrtLTO.mjs:1:789)
    at defaultResolveImpl (node:internal/modules/cjs/loader:1059:19)
    at resolveForCJSWithHooks (node:internal/modules/cjs/loader:1064:22)
    at Module._load (node:internal/modules/cjs/loader:1227:37)
    at TracingChannel.traceSync (node:diagnostics_channel:328:14)
    at wrapModuleLoad (node:internal/modules/cjs/loader:245:24)
    at Module.require (node:internal/modules/cjs/loader:1504:12)
    at require (node:internal/modules/helpers:152:16)
    at prisma (C:\Users\Aamir Sohail\Desktop\VARIX 2.0\backend\src\services\demo.service.ts:3:40)
    at Object.<anonymous> (C:\Users\Aamir Sohail\Desktop\VARIX 2.0\backend\src\services\demo.service.ts:6:33) {
  code: 'MODULE_NOT_FOUND',
  requireStack: [
    'C:\\Users\\Aamir Sohail\\Desktop\\VARIX 2.0\\backend\\src\\services\\demo.service.ts',
    'C:\\Users\\Aamir Sohail\\Desktop\\VARIX 2.0\\backend\\src\\routes\\demo.routes.ts',
    'C:\\Users\\Aamir Sohail\\Desktop\\VARIX 2.0\\backend\\src\\app.ts',
    'C:\\Users\\Aamir Sohail\\Desktop\\VARIX 2.0\\backend\\src\\index.ts'
  ]
}
System.Management.Automation.RemoteException
Node.js v24.13.0
